<?xml version="1.0" encoding="UTF-8"?>
<testsuite xmlns:xsi="http://www.w3.org/2001/XMLSchema-instance" xsi:noNamespaceSchemaLocation="https://maven.apache.org/surefire/maven-surefire-plugin/xsd/surefire-test-report-3.0.xsd" version="3.0" name="TestSuite" time="164.498" tests="7" errors="0" skipped="0" failures="7">
  <properties>
    <property name="sun.desktop" value="windows"/>
    <property name="awt.toolkit" value="sun.awt.windows.WToolkit"/>
    <property name="file.encoding.pkg" value="sun.io"/>
    <property name="java.specification.version" value="1.8"/>
    <property name="webdriver.chrome.driver" value="C:\Users\deltastar1\Desktop\cd\chromedriver.exe"/>
    <property name="sun.cpu.isalist" value="amd64"/>
    <property name="sun.jnu.encoding" value="Cp1252"/>
    <property name="java.class.path" value="C:\Users\deltastar1\eclipse-workspace\RakTrack\target\test-classes;C:\Users\deltastar1\eclipse-workspace\RakTrack\target\classes;C:\Users\deltastar1\.m2\repository\junit\junit\3.8.1\junit-3.8.1.jar;C:\Users\deltastar1\.m2\repository\org\seleniumhq\selenium\selenium-java\3.14.0\selenium-java-3.14.0.jar;C:\Users\deltastar1\.m2\repository\org\seleniumhq\selenium\selenium-api\3.14.0\selenium-api-3.14.0.jar;C:\Users\deltastar1\.m2\repository\org\seleniumhq\selenium\selenium-chrome-driver\3.14.0\selenium-chrome-driver-3.14.0.jar;C:\Users\deltastar1\.m2\repository\org\seleniumhq\selenium\selenium-edge-driver\3.14.0\selenium-edge-driver-3.14.0.jar;C:\Users\deltastar1\.m2\repository\org\seleniumhq\selenium\selenium-firefox-driver\3.14.0\selenium-firefox-driver-3.14.0.jar;C:\Users\deltastar1\.m2\repository\org\seleniumhq\selenium\selenium-ie-driver\3.14.0\selenium-ie-driver-3.14.0.jar;C:\Users\deltastar1\.m2\repository\org\seleniumhq\selenium\selenium-opera-driver\3.14.0\selenium-opera-driver-3.14.0.jar;C:\Users\deltastar1\.m2\repository\org\seleniumhq\selenium\selenium-remote-driver\3.14.0\selenium-remote-driver-3.14.0.jar;C:\Users\deltastar1\.m2\repository\org\seleniumhq\selenium\selenium-safari-driver\3.14.0\selenium-safari-driver-3.14.0.jar;C:\Users\deltastar1\.m2\repository\org\seleniumhq\selenium\selenium-support\3.14.0\selenium-support-3.14.0.jar;C:\Users\deltastar1\.m2\repository\net\bytebuddy\byte-buddy\1.8.15\byte-buddy-1.8.15.jar;C:\Users\deltastar1\.m2\repository\org\apache\commons\commons-exec\1.3\commons-exec-1.3.jar;C:\Users\deltastar1\.m2\repository\commons-codec\commons-codec\1.10\commons-codec-1.10.jar;C:\Users\deltastar1\.m2\repository\commons-logging\commons-logging\1.2\commons-logging-1.2.jar;C:\Users\deltastar1\.m2\repository\com\google\guava\guava\25.0-jre\guava-25.0-jre.jar;C:\Users\deltastar1\.m2\repository\com\google\code\findbugs\jsr305\1.3.9\jsr305-1.3.9.jar;C:\Users\deltastar1\.m2\repository\org\checkerframework\checker-compat-qual\2.0.0\checker-compat-qual-2.0.0.jar;C:\Users\deltastar1\.m2\repository\com\google\errorprone\error_prone_annotations\2.1.3\error_prone_annotations-2.1.3.jar;C:\Users\deltastar1\.m2\repository\com\google\j2objc\j2objc-annotations\1.1\j2objc-annotations-1.1.jar;C:\Users\deltastar1\.m2\repository\org\codehaus\mojo\animal-sniffer-annotations\1.14\animal-sniffer-annotations-1.14.jar;C:\Users\deltastar1\.m2\repository\org\apache\httpcomponents\httpclient\4.5.5\httpclient-4.5.5.jar;C:\Users\deltastar1\.m2\repository\org\apache\httpcomponents\httpcore\4.4.9\httpcore-4.4.9.jar;C:\Users\deltastar1\.m2\repository\com\squareup\okhttp3\okhttp\3.10.0\okhttp-3.10.0.jar;C:\Users\deltastar1\.m2\repository\com\squareup\okio\okio\1.14.1\okio-1.14.1.jar;C:\Users\deltastar1\.m2\repository\org\testng\testng\6.14.3\testng-6.14.3.jar;C:\Users\deltastar1\.m2\repository\com\beust\jcommander\1.72\jcommander-1.72.jar;C:\Users\deltastar1\.m2\repository\org\apache-extras\beanshell\bsh\2.0b6\bsh-2.0b6.jar;C:\Users\deltastar1\.m2\repository\org\apache\poi\poi\3.17\poi-3.17.jar;C:\Users\deltastar1\.m2\repository\org\apache\commons\commons-collections4\4.1\commons-collections4-4.1.jar;C:\Users\deltastar1\.m2\repository\org\apache\poi\poi-ooxml\3.17\poi-ooxml-3.17.jar;C:\Users\deltastar1\.m2\repository\org\apache\poi\poi-ooxml-schemas\3.17\poi-ooxml-schemas-3.17.jar;C:\Users\deltastar1\.m2\repository\org\apache\xmlbeans\xmlbeans\2.6.0\xmlbeans-2.6.0.jar;C:\Users\deltastar1\.m2\repository\stax\stax-api\1.0.1\stax-api-1.0.1.jar;C:\Users\deltastar1\.m2\repository\com\github\virtuald\curvesapi\1.04\curvesapi-1.04.jar;C:\Users\deltastar1\.m2\repository\com\aventstack\extentreports\3.1.2\extentreports-3.1.2.jar;C:\Users\deltastar1\.m2\repository\org\freemarker\freemarker\2.3.23\freemarker-2.3.23.jar;C:\Users\deltastar1\.m2\repository\org\mongodb\mongodb-driver\3.3.0\mongodb-driver-3.3.0.jar;C:\Users\deltastar1\.m2\repository\org\mongodb\bson\3.3.0\bson-3.3.0.jar;C:\Users\deltastar1\.m2\repository\org\mongodb\mongodb-driver-core\3.3.0\mongodb-driver-core-3.3.0.jar;C:\Users\deltastar1\.m2\repository\org\apache\httpcomponents\httpmime\4.5.2\httpmime-4.5.2.jar;C:\Users\deltastar1\.m2\repository\org\jsoup\jsoup\1.9.2\jsoup-1.9.2.jar;C:\Users\deltastar1\.m2\repository\com\google\code\gson\gson\2.8.0\gson-2.8.0.jar;C:\Users\deltastar1\.m2\repository\org\apache\commons\commons-lang3\3.0\commons-lang3-3.0.jar;C:\Users\deltastar1\.m2\repository\commons-io\commons-io\1.3.2\commons-io-1.3.2.jar;C:\Users\deltastar1\.m2\repository\log4j\log4j\1.2.17\log4j-1.2.17.jar;"/>
    <property name="java.vm.vendor" value="Oracle Corporation"/>
    <property name="sun.arch.data.model" value="64"/>
    <property name="user.variant" value=""/>
    <property name="java.vendor.url" value="http://java.oracle.com/"/>
    <property name="user.timezone" value="Asia/Calcutta"/>
    <property name="java.vm.specification.version" value="1.8"/>
    <property name="os.name" value="Windows 8.1"/>
    <property name="user.country" value="US"/>
    <property name="sun.java.launcher" value="SUN_STANDARD"/>
    <property name="sun.boot.library.path" value="C:\Program Files\Java\jre1.8.0_281\bin"/>
    <property name="sun.java.command" value="C:\Users\deltastar1\AppData\Local\Temp\surefire7611032142664308456\surefirebooter6119985808826198795.jar C:\Users\deltastar1\AppData\Local\Temp\surefire7611032142664308456 2022-02-16T16-36-29_009-jvmRun1 surefire666761645510282192tmp surefire_01208492419383511781tmp"/>
    <property name="surefire.test.class.path" value="C:\Users\deltastar1\eclipse-workspace\RakTrack\target\test-classes;C:\Users\deltastar1\eclipse-workspace\RakTrack\target\classes;C:\Users\deltastar1\.m2\repository\junit\junit\3.8.1\junit-3.8.1.jar;C:\Users\deltastar1\.m2\repository\org\seleniumhq\selenium\selenium-java\3.14.0\selenium-java-3.14.0.jar;C:\Users\deltastar1\.m2\repository\org\seleniumhq\selenium\selenium-api\3.14.0\selenium-api-3.14.0.jar;C:\Users\deltastar1\.m2\repository\org\seleniumhq\selenium\selenium-chrome-driver\3.14.0\selenium-chrome-driver-3.14.0.jar;C:\Users\deltastar1\.m2\repository\org\seleniumhq\selenium\selenium-edge-driver\3.14.0\selenium-edge-driver-3.14.0.jar;C:\Users\deltastar1\.m2\repository\org\seleniumhq\selenium\selenium-firefox-driver\3.14.0\selenium-firefox-driver-3.14.0.jar;C:\Users\deltastar1\.m2\repository\org\seleniumhq\selenium\selenium-ie-driver\3.14.0\selenium-ie-driver-3.14.0.jar;C:\Users\deltastar1\.m2\repository\org\seleniumhq\selenium\selenium-opera-driver\3.14.0\selenium-opera-driver-3.14.0.jar;C:\Users\deltastar1\.m2\repository\org\seleniumhq\selenium\selenium-remote-driver\3.14.0\selenium-remote-driver-3.14.0.jar;C:\Users\deltastar1\.m2\repository\org\seleniumhq\selenium\selenium-safari-driver\3.14.0\selenium-safari-driver-3.14.0.jar;C:\Users\deltastar1\.m2\repository\org\seleniumhq\selenium\selenium-support\3.14.0\selenium-support-3.14.0.jar;C:\Users\deltastar1\.m2\repository\net\bytebuddy\byte-buddy\1.8.15\byte-buddy-1.8.15.jar;C:\Users\deltastar1\.m2\repository\org\apache\commons\commons-exec\1.3\commons-exec-1.3.jar;C:\Users\deltastar1\.m2\repository\commons-codec\commons-codec\1.10\commons-codec-1.10.jar;C:\Users\deltastar1\.m2\repository\commons-logging\commons-logging\1.2\commons-logging-1.2.jar;C:\Users\deltastar1\.m2\repository\com\google\guava\guava\25.0-jre\guava-25.0-jre.jar;C:\Users\deltastar1\.m2\repository\com\google\code\findbugs\jsr305\1.3.9\jsr305-1.3.9.jar;C:\Users\deltastar1\.m2\repository\org\checkerframework\checker-compat-qual\2.0.0\checker-compat-qual-2.0.0.jar;C:\Users\deltastar1\.m2\repository\com\google\errorprone\error_prone_annotations\2.1.3\error_prone_annotations-2.1.3.jar;C:\Users\deltastar1\.m2\repository\com\google\j2objc\j2objc-annotations\1.1\j2objc-annotations-1.1.jar;C:\Users\deltastar1\.m2\repository\org\codehaus\mojo\animal-sniffer-annotations\1.14\animal-sniffer-annotations-1.14.jar;C:\Users\deltastar1\.m2\repository\org\apache\httpcomponents\httpclient\4.5.5\httpclient-4.5.5.jar;C:\Users\deltastar1\.m2\repository\org\apache\httpcomponents\httpcore\4.4.9\httpcore-4.4.9.jar;C:\Users\deltastar1\.m2\repository\com\squareup\okhttp3\okhttp\3.10.0\okhttp-3.10.0.jar;C:\Users\deltastar1\.m2\repository\com\squareup\okio\okio\1.14.1\okio-1.14.1.jar;C:\Users\deltastar1\.m2\repository\org\testng\testng\6.14.3\testng-6.14.3.jar;C:\Users\deltastar1\.m2\repository\com\beust\jcommander\1.72\jcommander-1.72.jar;C:\Users\deltastar1\.m2\repository\org\apache-extras\beanshell\bsh\2.0b6\bsh-2.0b6.jar;C:\Users\deltastar1\.m2\repository\org\apache\poi\poi\3.17\poi-3.17.jar;C:\Users\deltastar1\.m2\repository\org\apache\commons\commons-collections4\4.1\commons-collections4-4.1.jar;C:\Users\deltastar1\.m2\repository\org\apache\poi\poi-ooxml\3.17\poi-ooxml-3.17.jar;C:\Users\deltastar1\.m2\repository\org\apache\poi\poi-ooxml-schemas\3.17\poi-ooxml-schemas-3.17.jar;C:\Users\deltastar1\.m2\repository\org\apache\xmlbeans\xmlbeans\2.6.0\xmlbeans-2.6.0.jar;C:\Users\deltastar1\.m2\repository\stax\stax-api\1.0.1\stax-api-1.0.1.jar;C:\Users\deltastar1\.m2\repository\com\github\virtuald\curvesapi\1.04\curvesapi-1.04.jar;C:\Users\deltastar1\.m2\repository\com\aventstack\extentreports\3.1.2\extentreports-3.1.2.jar;C:\Users\deltastar1\.m2\repository\org\freemarker\freemarker\2.3.23\freemarker-2.3.23.jar;C:\Users\deltastar1\.m2\repository\org\mongodb\mongodb-driver\3.3.0\mongodb-driver-3.3.0.jar;C:\Users\deltastar1\.m2\repository\org\mongodb\bson\3.3.0\bson-3.3.0.jar;C:\Users\deltastar1\.m2\repository\org\mongodb\mongodb-driver-core\3.3.0\mongodb-driver-core-3.3.0.jar;C:\Users\deltastar1\.m2\repository\org\apache\httpcomponents\httpmime\4.5.2\httpmime-4.5.2.jar;C:\Users\deltastar1\.m2\repository\org\jsoup\jsoup\1.9.2\jsoup-1.9.2.jar;C:\Users\deltastar1\.m2\repository\com\google\code\gson\gson\2.8.0\gson-2.8.0.jar;C:\Users\deltastar1\.m2\repository\org\apache\commons\commons-lang3\3.0\commons-lang3-3.0.jar;C:\Users\deltastar1\.m2\repository\commons-io\commons-io\1.3.2\commons-io-1.3.2.jar;C:\Users\deltastar1\.m2\repository\log4j\log4j\1.2.17\log4j-1.2.17.jar;"/>
    <property name="sun.cpu.endian" value="little"/>
    <property name="user.home" value="C:\Users\deltastar1"/>
    <property name="user.language" value="en"/>
    <property name="java.specification.vendor" value="Oracle Corporation"/>
    <property name="java.home" value="C:\Program Files\Java\jre1.8.0_281"/>
    <property name="basedir" value="C:\Users\deltastar1\eclipse-workspace\RakTrack"/>
    <property name="file.separator" value="\"/>
    <property name="line.separator" value="&#10;"/>
    <property name="java.vm.specification.vendor" value="Oracle Corporation"/>
    <property name="java.specification.name" value="Java Platform API Specification"/>
    <property name="java.awt.graphicsenv" value="sun.awt.Win32GraphicsEnvironment"/>
    <property name="surefire.real.class.path" value="C:\Users\deltastar1\AppData\Local\Temp\surefire7611032142664308456\surefirebooter6119985808826198795.jar"/>
    <property name="sun.boot.class.path" value="C:\Program Files\Java\jre1.8.0_281\lib\resources.jar;C:\Program Files\Java\jre1.8.0_281\lib\rt.jar;C:\Program Files\Java\jre1.8.0_281\lib\sunrsasign.jar;C:\Program Files\Java\jre1.8.0_281\lib\jsse.jar;C:\Program Files\Java\jre1.8.0_281\lib\jce.jar;C:\Program Files\Java\jre1.8.0_281\lib\charsets.jar;C:\Program Files\Java\jre1.8.0_281\lib\jfr.jar;C:\Program Files\Java\jre1.8.0_281\classes"/>
    <property name="user.script" value=""/>
    <property name="sun.management.compiler" value="HotSpot 64-Bit Tiered Compilers"/>
    <property name="java.runtime.version" value="1.8.0_281-b09"/>
    <property name="user.name" value="Invincible"/>
    <property name="path.separator" value=";"/>
    <property name="os.version" value="6.3"/>
    <property name="java.endorsed.dirs" value="C:\Program Files\Java\jre1.8.0_281\lib\endorsed"/>
    <property name="java.runtime.name" value="Java(TM) SE Runtime Environment"/>
    <property name="file.encoding" value="Cp1252"/>
    <property name="java.vm.name" value="Java HotSpot(TM) 64-Bit Server VM"/>
    <property name="localRepository" value="C:\Users\deltastar1\.m2\repository"/>
    <property name="java.vendor.url.bug" value="http://bugreport.sun.com/bugreport/"/>
    <property name="java.io.tmpdir" value="C:\Users\DELTAS~1\AppData\Local\Temp\"/>
    <property name="java.version" value="1.8.0_281"/>
    <property name="user.dir" value="C:\Users\deltastar1\eclipse-workspace\RakTrack"/>
    <property name="os.arch" value="amd64"/>
    <property name="java.vm.specification.name" value="Java Virtual Machine Specification"/>
    <property name="java.awt.printerjob" value="sun.awt.windows.WPrinterJob"/>
    <property name="sun.os.patch.level" value=""/>
    <property name="java.library.path" value="C:\Program Files\Java\jre1.8.0_281\bin;C:\Windows\Sun\Java\bin;C:\Windows\system32;C:\Windows;C:/Program Files/Java/jre1.8.0_281/bin/server;C:/Program Files/Java/jre1.8.0_281/bin;C:/Program Files/Java/jre1.8.0_281/lib/amd64;C:\Program Files (x86)\Common Files\Oracle\Java\javapath;C:\Windows\system32;C:\Windows;C:\Windows\System32\Wbem;C:\Windows\System32\WindowsPowerShell\v1.0\;C:\Program Files\nodejs\;C:\Program Files\Git\cmd;C:\Users\deltastar1\AppData\Local\Android\Sdk\platform-tools\;C:\Users\deltastar1\AppData\Local\Android\Sdk\tools\bin;C:\Users\deltastar1\AppData\Local\Android\Sdk\platform-tools;C:\Program Files\dotnet\;C:\Windows\System32;;."/>
    <property name="java.vm.info" value="mixed mode"/>
    <property name="java.vendor" value="Oracle Corporation"/>
    <property name="java.vm.version" value="25.281-b09"/>
    <property name="java.ext.dirs" value="C:\Program Files\Java\jre1.8.0_281\lib\ext;C:\Windows\Sun\Java\lib\ext"/>
    <property name="sun.io.unicode.encoding" value="UnicodeLittle"/>
    <property name="java.class.version" value="52.0"/>
  </properties>
  <testcase name="loginDDT[mngr164225, jahetAp](1)" classname="com.projectRAK.testCases.TC_LoginDDT_002" time="13.488">
    <failure message="expected [true] but found [false]" type="java.lang.AssertionError"><![CDATA[java.lang.AssertionError: expected [true] but found [false]
	at com.projectRAK.testCases.TC_LoginDDT_002.loginDDT(TC_LoginDDT_002.java:31)
]]></failure>
    <system-out><![CDATA[ INFO [main] (TC_LoginDDT_002.java:20)- user name provided
 INFO [main] (TC_LoginDDT_002.java:22)- password provided
]]></system-out>
    <system-err><![CDATA[Starting ChromeDriver 97.0.4692.71 (adefa7837d02a07a604c1e6eff0b3a09422ab88d-refs/branch-heads/4692@{#1247}) on port 2860
Only local connections are allowed.
Please see https://chromedriver.chromium.org/security-considerations for suggestions on keeping ChromeDriver safe.
ChromeDriver was started successfully.
[1645009606.001][WARNING]: This version of ChromeDriver has not been tested with Chrome version 98.
Feb 16, 2022 4:36:46 PM org.openqa.selenium.remote.ProtocolHandshake createSession
INFO: Detected dialect: W3C
]]></system-err>
  </testcase>
  <testcase name="loginDDT[mngr83460, qAbUzyj](2)" classname="com.projectRAK.testCases.TC_LoginDDT_002" time="16.636">
    <failure message="expected [true] but found [false]" type="java.lang.AssertionError"><![CDATA[java.lang.AssertionError: expected [true] but found [false]
	at com.projectRAK.testCases.TC_LoginDDT_002.loginDDT(TC_LoginDDT_002.java:31)
]]></failure>
    <system-out><![CDATA[ INFO [main] (TC_LoginDDT_002.java:20)- user name provided
 INFO [main] (TC_LoginDDT_002.java:22)- password provided
]]></system-out>
  </testcase>
  <testcase name="loginDDT[mngr137319, bAdYvyb](3)" classname="com.projectRAK.testCases.TC_LoginDDT_002" time="18.69">
    <failure message="expected [true] but found [false]" type="java.lang.AssertionError"><![CDATA[java.lang.AssertionError: expected [true] but found [false]
	at com.projectRAK.testCases.TC_LoginDDT_002.loginDDT(TC_LoginDDT_002.java:31)
]]></failure>
    <system-out><![CDATA[ INFO [main] (TC_LoginDDT_002.java:20)- user name provided
 INFO [main] (TC_LoginDDT_002.java:22)- password provided
]]></system-out>
  </testcase>
  <testcase name="loginDDT[mngr164225, jahetAp](4)" classname="com.projectRAK.testCases.TC_LoginDDT_002" time="17.033">
    <failure message="expected [true] but found [false]" type="java.lang.AssertionError"><![CDATA[java.lang.AssertionError: expected [true] but found [false]
	at com.projectRAK.testCases.TC_LoginDDT_002.loginDDT(TC_LoginDDT_002.java:31)
]]></failure>
    <system-out><![CDATA[ INFO [main] (TC_LoginDDT_002.java:20)- user name provided
 INFO [main] (TC_LoginDDT_002.java:22)- password provided
]]></system-out>
  </testcase>
  <testcase name="loginDDT[mngr112909, tytUreg](5)" classname="com.projectRAK.testCases.TC_LoginDDT_002" time="15.637">
    <failure message="expected [true] but found [false]" type="java.lang.AssertionError"><![CDATA[java.lang.AssertionError: expected [true] but found [false]
	at com.projectRAK.testCases.TC_LoginDDT_002.loginDDT(TC_LoginDDT_002.java:31)
]]></failure>
    <system-out><![CDATA[ INFO [main] (TC_LoginDDT_002.java:20)- user name provided
 INFO [main] (TC_LoginDDT_002.java:22)- password provided
]]></system-out>
  </testcase>
  <testcase name="loginDDT[mngr379751, nEsEpUg](6)" classname="com.projectRAK.testCases.TC_LoginDDT_002" time="29.583">
    <failure message="expected [true] but found [false]" type="java.lang.AssertionError"><![CDATA[java.lang.AssertionError: expected [true] but found [false]
	at com.projectRAK.testCases.TC_LoginDDT_002.loginDDT(TC_LoginDDT_002.java:31)
]]></failure>
    <system-out><![CDATA[ INFO [main] (TC_LoginDDT_002.java:20)- user name provided
 INFO [main] (TC_LoginDDT_002.java:22)- password provided
]]></system-out>
  </testcase>
  <testcase name="login" classname="com.projectRAK.testCases.Loginrak" time="6.586">
    <failure message="session not created: This version of ChromeDriver only supports Chrome version 96&#10;Current browser version is 98.0.4758.102 with binary path C:\Program Files\Google\Chrome\Application\chrome.exe&#10;Build info: version: &apos;3.14.0&apos;, revision: &apos;aacccce0&apos;, time: &apos;2018-08-02T20:19:58.91Z&apos;&#10;System info: host: &apos;AJEET&apos;, ip: &apos;192.168.1.100&apos;, os.name: &apos;Windows 8.1&apos;, os.arch: &apos;amd64&apos;, os.version: &apos;6.3&apos;, java.version: &apos;1.8.0_281&apos;&#10;Driver info: driver.version: ChromeDriver&#10;remote stacktrace: Backtrace:&#10;	Ordinal0 [0x01346903+2517251]&#10;	Ordinal0 [0x012DF8E1+2095329]&#10;	Ordinal0 [0x011E2848+1058888]&#10;	Ordinal0 [0x01200B9D+1182621]&#10;	Ordinal0 [0x011FCA60+1165920]&#10;	Ordinal0 [0x011FA2CF+1155791]&#10;	Ordinal0 [0x0122AAAF+1354415]&#10;	Ordinal0 [0x0122A71A+1353498]&#10;	Ordinal0 [0x0122639B+1336219]&#10;	Ordinal0 [0x012027A7+1189799]&#10;	Ordinal0 [0x01203609+1193481]&#10;	GetHandleVerifier [0x014D5904+1577972]&#10;	GetHandleVerifier [0x01580B97+2279047]&#10;	GetHandleVerifier [0x013D6D09+534521]&#10;	GetHandleVerifier [0x013D5DB9+530601]&#10;	Ordinal0 [0x012E4FF9+2117625]&#10;	Ordinal0 [0x012E98A8+2136232]&#10;	Ordinal0 [0x012E99E2+2136546]&#10;	Ordinal0 [0x012F3541+2176321]&#10;	BaseThreadInitThunk [0x77176A14+36]&#10;	RtlInitializeExceptionChain [0x77CDA9EF+143]&#10;	RtlInitializeExceptionChain [0x77CDA9BA+90]&#10;" type="org.openqa.selenium.SessionNotCreatedException"><![CDATA[org.openqa.selenium.SessionNotCreatedException: 
session not created: This version of ChromeDriver only supports Chrome version 96
Current browser version is 98.0.4758.102 with binary path C:\Program Files\Google\Chrome\Application\chrome.exe
Build info: version: '3.14.0', revision: 'aacccce0', time: '2018-08-02T20:19:58.91Z'
System info: host: 'AJEET', ip: '192.168.1.100', os.name: 'Windows 8.1', os.arch: 'amd64', os.version: '6.3', java.version: '1.8.0_281'
Driver info: driver.version: ChromeDriver
remote stacktrace: Backtrace:
	Ordinal0 [0x01346903+2517251]
	Ordinal0 [0x012DF8E1+2095329]
	Ordinal0 [0x011E2848+1058888]
	Ordinal0 [0x01200B9D+1182621]
	Ordinal0 [0x011FCA60+1165920]
	Ordinal0 [0x011FA2CF+1155791]
	Ordinal0 [0x0122AAAF+1354415]
	Ordinal0 [0x0122A71A+1353498]
	Ordinal0 [0x0122639B+1336219]
	Ordinal0 [0x012027A7+1189799]
	Ordinal0 [0x01203609+1193481]
	GetHandleVerifier [0x014D5904+1577972]
	GetHandleVerifier [0x01580B97+2279047]
	GetHandleVerifier [0x013D6D09+534521]
	GetHandleVerifier [0x013D5DB9+530601]
	Ordinal0 [0x012E4FF9+2117625]
	Ordinal0 [0x012E98A8+2136232]
	Ordinal0 [0x012E99E2+2136546]
	Ordinal0 [0x012F3541+2176321]
	BaseThreadInitThunk [0x77176A14+36]
	RtlInitializeExceptionChain [0x77CDA9EF+143]
	RtlInitializeExceptionChain [0x77CDA9BA+90]

	at com.projectRAK.testCases.Loginrak.login(Loginrak.java:17)
]]></failure>
    <system-err><![CDATA[Starting ChromeDriver 96.0.4664.45 (76e4c1bb2ab4671b8beba3444e61c0f17584b2fc-refs/branch-heads/4664@{#947}) on port 1045
Only local connections are allowed.
Please see https://chromedriver.chromium.org/security-considerations for suggestions on keeping ChromeDriver safe.
ChromeDriver was started successfully.
]]></system-err>
  </testcase>
</testsuite>