<?xml version="1.0" encoding="UTF-8"?>
<!-- Generated by org.testng.reporters.JUnitReportReporter -->
<testsuite hostname="Ajeet" name="com.inetbanking.testCases.TC_LoginTest_001" tests="1" failures="0" timestamp="25 Jun 2021 06:55:22 GMT" time="3.297" errors="0">
  <testcase name="loginTest" time="3.297" classname="com.inetbanking.testCases.TC_LoginTest_001"/>
</testsuite> <!-- com.inetbanking.testCases.TC_LoginTest_001 -->
