<?xml version="1.0" encoding="UTF-8"?>
<!-- Generated by org.testng.reporters.JUnitReportReporter -->
<testsuite hostname="Ajeet" name="com.projectVE.testCases.TC_LoginTest_001" tests="1" failures="0" timestamp="12 Jan 2022 14:42:24 GMT" time="10.629" errors="0">
  <testcase name="loginTest" time="10.629" classname="com.projectVE.testCases.TC_LoginTest_001"/>
</testsuite> <!-- com.projectVE.testCases.TC_LoginTest_001 -->
