<?xml version="1.0" encoding="UTF-8"?>
<!-- Generated by org.testng.reporters.JUnitReportReporter -->
<testsuite hostname="Ajeet" name="com.projectVE.testCases.TC_AddCustomerTest_003" tests="1" failures="0" timestamp="12 Jan 2022 14:42:24 GMT" time="34.835" errors="0">
  <testcase name="addNewCustomer" time="34.835" classname="com.projectVE.testCases.TC_AddCustomerTest_003"/>
</testsuite> <!-- com.projectVE.testCases.TC_AddCustomerTest_003 -->
